

Microchip Technology PIC18 LITE Macro Assembler V1.32 build 58300 
                                                                                               Tue Oct 07 12:07:39 2014

Microchip Technology Omniscient Code Generator (Lite mode) build 58300
     1                           	processor	18F4550
     2                           	fnconf	rparam,??,?,0
     3                           	opt	pw 120
     4                           	opt	lm
     5                           	psect	text0,global,reloc=2,class=CODE,delta=1
     6                           	psect	cinit,global,reloc=2,class=CODE,delta=1
     7                           	psect	cstackCOMRAM,global,class=COMRAM,space=1,delta=1
     8                           	psect	text1,global,reloc=2,class=CODE,delta=1
     9                           	psect	text2,global,reloc=2,class=CODE,delta=1
    10                           	psect	text3,global,reloc=2,class=CODE,delta=1
    11                           	psect	intsave_regs,global,class=BIGRAM,space=1,delta=1
    12                           	psect	rparam,global,class=COMRAM,space=1,delta=1
    13  0000                     _LATA	set	3977
    14  0000                     _LATD	set	3980
    15  0000                     _PORTAbits	set	3968
    16  0000                     _PORTD	set	3971
    17  0000                     _TRISA	set	3986
    18  0000                     _TRISAbits	set	3986
    19  0000                     _TRISD	set	3989
    20                           
    21 ;;
    22 ;;Main: autosize = 0, tempsize = 0, incstack = 0, save=0
    23 ;;
    24 ;; *************** function _main *****************
    25 ;; Defined at:
    26 ;;		line 41 in file "main.c"
    27 ;; Parameters:    Size  Location     Type
    28 ;;		None
    29 ;; Auto vars:     Size  Location     Type
    30 ;;  a               1    6[COMRAM] unsigned char 
    31 ;; Return value:  Size  Location     Type
    32 ;;                  2   12[COMRAM] int 
    33 ;; Registers used:
    34 ;;		wreg, status,2, status,0, cstack
    35 ;; Tracked objects:
    36 ;;		On entry : 0/0
    37 ;;		On exit  : 0/0
    38 ;;		Unchanged: 0/0
    39 ;; Data sizes:     COMRAM   BANK0   BANK1   BANK2   BANK3   BANK4   BANK5   BANK6   BANK7
    40 ;;      Params:         0       0       0       0       0       0       0       0       0
    41 ;;      Locals:         1       0       0       0       0       0       0       0       0
    42 ;;      Temps:          0       0       0       0       0       0       0       0       0
    43 ;;      Totals:         1       0       0       0       0       0       0       0       0
    44 ;;Total ram usage:        1 bytes
    45 ;; Hardware stack levels required when called:    3
    46 ;; This function calls:
    47 ;;		_Delay_s
    48 ;; This function is called by:
    49 ;;		Startup code after reset
    50 ;; This function uses a non-reentrant model
    51 ;;
    52                           
    53                           	psect	text0
    54  007F7C                     __ptext0:
    55                           	opt stack 0
    56  007F7C                     _main:
    57                           	opt stack 28
    58                           
    59                           ;main.c: 44: unsigned char a = 0b00000001;
    60                           
    61                           ;incstack = 0
    62  007F7C  0E01               	movlw	1
    63  007F7E  6E07               	movwf	main@a,c
    64                           
    65                           ;main.c: 45: TRISD = 0x00;
    66  007F80  0E00               	movlw	0
    67  007F82  6E95               	movwf	3989,c	;volatile
    68                           
    69                           ;main.c: 46: TRISA = 0x00;
    70  007F84  0E00               	movlw	0
    71  007F86  6E92               	movwf	3986,c	;volatile
    72  007F88                     l13:
    73                           
    74                           ;main.c: 53: LATA = 0x01;
    75  007F88  0E01               	movlw	1
    76  007F8A  6E89               	movwf	3977,c	;volatile
    77                           
    78                           ;main.c: 54: while(a!=0x00)
    79  007F8C  D009               	goto	l741
    80  007F8E                     l735:
    81                           
    82                           ;main.c: 55: {
    83                           ;main.c: 56: Delay_s(1);
    84  007F8E  0E01               	movlw	1
    85  007F90  ECAA  F03F         	call	_Delay_s
    86                           
    87                           ;main.c: 57: LATD = a<<1;
    88  007F94  5007               	movf	main@a,w,c
    89  007F96  2407               	addwf	main@a,w,c
    90  007F98  6E8C               	movwf	3980,c	;volatile
    91                           
    92                           ;main.c: 58: a = a<<1;
    93  007F9A  5007               	movf	main@a,w,c
    94  007F9C  2407               	addwf	main@a,w,c
    95  007F9E  6E07               	movwf	main@a,c
    96  007FA0                     l741:
    97  007FA0  6607               	tstfsz	main@a,c
    98  007FA2  D7F5               	goto	l735
    99                           
   100                           ;main.c: 59: }
   101                           ;main.c: 62: LATA = 0x02;
   102  007FA4  0E02               	movlw	2
   103  007FA6  6E89               	movwf	3977,c	;volatile
   104                           
   105                           ;main.c: 63: a = 0b00000001;
   106  007FA8  0E01               	movlw	1
   107  007FAA  D008               	goto	L1
   108  007FAC                     l745:
   109                           
   110                           ;main.c: 65: {
   111                           ;main.c: 66: Delay_s(1);
   112  007FAC  0E01               	movlw	1
   113  007FAE  ECAA  F03F         	call	_Delay_s
   114                           
   115                           ;main.c: 67: LATD = a<<1;
   116  007FB2  5007               	movf	main@a,w,c
   117  007FB4  2407               	addwf	main@a,w,c
   118  007FB6  6E8C               	movwf	3980,c	;volatile
   119                           
   120                           ;main.c: 68: a = a<<1;
   121  007FB8  5007               	movf	main@a,w,c
   122  007FBA  2407               	addwf	main@a,w,c
   123  007FBC                     L1:
   124  007FBC  6E07               	movwf	main@a,c
   125  007FBE  6607               	tstfsz	main@a,c
   126  007FC0  D7F5               	goto	l745
   127                           
   128                           ;main.c: 69: }
   129                           ;main.c: 72: LATA = 0x04;
   130  007FC2  0E04               	movlw	4
   131  007FC4  6E89               	movwf	3977,c	;volatile
   132                           
   133                           ;main.c: 73: a = 0b00000001;
   134  007FC6  0E01               	movlw	1
   135  007FC8  D008               	goto	L2
   136  007FCA                     l755:
   137                           
   138                           ;main.c: 75: {
   139                           ;main.c: 76: Delay_s(1);
   140  007FCA  0E01               	movlw	1
   141  007FCC  ECAA  F03F         	call	_Delay_s
   142                           
   143                           ;main.c: 77: LATD = a<<1;
   144  007FD0  5007               	movf	main@a,w,c
   145  007FD2  2407               	addwf	main@a,w,c
   146  007FD4  6E8C               	movwf	3980,c	;volatile
   147                           
   148                           ;main.c: 78: a = a<<1;
   149  007FD6  5007               	movf	main@a,w,c
   150  007FD8  2407               	addwf	main@a,w,c
   151  007FDA                     L2:
   152  007FDA  6E07               	movwf	main@a,c
   153  007FDC  6607               	tstfsz	main@a,c
   154  007FDE  D7F5               	goto	l755
   155                           
   156                           ;main.c: 79: }
   157                           ;main.c: 82: LATA = 0x08;
   158  007FE0  0E08               	movlw	8
   159  007FE2  6E89               	movwf	3977,c	;volatile
   160                           
   161                           ;main.c: 83: a = 0b00000001;
   162  007FE4  0E01               	movlw	1
   163  007FE6  D008               	goto	L3
   164  007FE8                     l765:
   165                           
   166                           ;main.c: 85: {
   167                           ;main.c: 86: Delay_s(1);
   168  007FE8  0E01               	movlw	1
   169  007FEA  ECAA  F03F         	call	_Delay_s
   170                           
   171                           ;main.c: 87: LATD = a<<1;
   172  007FEE  5007               	movf	main@a,w,c
   173  007FF0  2407               	addwf	main@a,w,c
   174  007FF2  6E8C               	movwf	3980,c	;volatile
   175                           
   176                           ;main.c: 88: a = a<<1;
   177  007FF4  5007               	movf	main@a,w,c
   178  007FF6  2407               	addwf	main@a,w,c
   179  007FF8                     L3:
   180  007FF8  6E07               	movwf	main@a,c
   181  007FFA  6607               	tstfsz	main@a,c
   182  007FFC  D7F5               	goto	l765
   183  007FFE  D7C4               	goto	l13
   184  008000                     __end_of_main:
   185                           	opt stack 0
   186                           
   187                           	psect	cinit
   188  007F20                     __pcinit:
   189                           	opt stack 0
   190  007F20                     start_initialization:
   191                           	opt stack 0
   192  007F20                     __initialization:
   193                           	opt stack 0
   194  007F20                     end_of_initialization:
   195                           	opt stack 0
   196  007F20                     __end_of__initialization:
   197                           	opt stack 0
   198  007F20  0E00               	movlw	low (__Lmediumconst shr (0+16))
   199  007F22  6EF8               	movwf	tblptru,c
   200  007F24  0100               	movlb	0
   201  007F26  EFBE  F03F         	goto	_main	;jump to C main() function
   202                           tblptru	equ	0xFF8
   203                           
   204                           	psect	cstackCOMRAM
   205  000001                     __pcstackCOMRAM:
   206                           	opt stack 0
   207  000001                     Delay1KTCYx@unit:
   208                           	opt stack 0
   209                           
   210                           ; 1 bytes @ 0x0
   211  000001                     	ds	1
   212  000002                     delay_ms@t:
   213                           	opt stack 0
   214                           
   215                           ; 1 bytes @ 0x1
   216  000002                     	ds	1
   217  000003                     delay_ms@i:
   218                           	opt stack 0
   219                           
   220                           ; 1 bytes @ 0x2
   221  000003                     	ds	1
   222  000004                     Delay_s@t:
   223                           	opt stack 0
   224                           
   225                           ; 1 bytes @ 0x3
   226  000004                     	ds	1
   227  000005                     Delay_s@i:
   228                           	opt stack 0
   229                           
   230                           ; 1 bytes @ 0x4
   231  000005                     	ds	1
   232  000006                     Delay_s@j:
   233                           	opt stack 0
   234                           
   235                           ; 1 bytes @ 0x5
   236  000006                     	ds	1
   237  000007                     main@a:
   238                           	opt stack 0
   239                           
   240                           ; 1 bytes @ 0x6
   241  000007                     	ds	1
   242                           tblptru	equ	0xFF8
   243                           
   244 ;; *************** function _Delay_s *****************
   245 ;; Defined at:
   246 ;;		line 44 in file "delay.c"
   247 ;; Parameters:    Size  Location     Type
   248 ;;  t               1    wreg     unsigned char 
   249 ;; Auto vars:     Size  Location     Type
   250 ;;  t               1    3[COMRAM] unsigned char 
   251 ;;  j               1    5[COMRAM] unsigned char 
   252 ;;  i               1    4[COMRAM] unsigned char 
   253 ;; Return value:  Size  Location     Type
   254 ;;		None               void
   255 ;; Registers used:
   256 ;;		wreg, status,2, status,0, cstack
   257 ;; Tracked objects:
   258 ;;		On entry : 0/0
   259 ;;		On exit  : 0/0
   260 ;;		Unchanged: 0/0
   261 ;; Data sizes:     COMRAM   BANK0   BANK1   BANK2   BANK3   BANK4   BANK5   BANK6   BANK7
   262 ;;      Params:         0       0       0       0       0       0       0       0       0
   263 ;;      Locals:         3       0       0       0       0       0       0       0       0
   264 ;;      Temps:          0       0       0       0       0       0       0       0       0
   265 ;;      Totals:         3       0       0       0       0       0       0       0       0
   266 ;;Total ram usage:        3 bytes
   267 ;; Hardware stack levels used:    1
   268 ;; Hardware stack levels required when called:    2
   269 ;; This function calls:
   270 ;;		_delay_ms
   271 ;; This function is called by:
   272 ;;		_main
   273 ;; This function uses a non-reentrant model
   274 ;;
   275                           
   276                           	psect	text1
   277  007F54                     __ptext1:
   278                           	opt stack 0
   279  007F54                     _Delay_s:
   280                           	opt stack 28
   281                           
   282                           ;incstack = 0
   283                           ;Delay_s@t stored from wreg
   284  007F54  6E04               	movwf	Delay_s@t,c
   285                           
   286                           ;delay.c: 46: unsigned char i,j;
   287                           ;delay.c: 47: for(i=0;i<t;i++)
   288  007F56  0E00               	movlw	0
   289  007F58  6E05               	movwf	Delay_s@i,c
   290  007F5A  D00B               	goto	l709
   291  007F5C                     l695:
   292                           
   293                           ;delay.c: 48: for(j=0;j<10;j++)
   294  007F5C  0E00               	movlw	0
   295  007F5E  6E06               	movwf	Delay_s@j,c
   296  007F60  D004               	goto	L4
   297  007F62                     l701:
   298                           
   299                           ;delay.c: 49: delay_ms(100);
   300  007F62  0E64               	movlw	100
   301  007F64  EC9D  F03F         	call	_delay_ms
   302  007F68  2A06               	incf	Delay_s@j,f,c
   303  007F6A                     L4:
   304  007F6A  0E09               	movlw	9
   305  007F6C  6406               	cpfsgt	Delay_s@j,c
   306  007F6E  D7F9               	goto	l701
   307  007F70  2A05               	incf	Delay_s@i,f,c
   308  007F72                     l709:
   309  007F72  5004               	movf	Delay_s@t,w,c
   310  007F74  5C05               	subwf	Delay_s@i,w,c
   311  007F76  B0D8               	btfsc	status,0,c
   312  007F78  0012               	return	
   313  007F7A  D7F0               	goto	l695
   314  007F7C                     __end_of_Delay_s:
   315                           	opt stack 0
   316                           tblptru	equ	0xFF8
   317                           status	equ	0xFD8
   318                           
   319 ;; *************** function _delay_ms *****************
   320 ;; Defined at:
   321 ;;		line 33 in file "delay.c"
   322 ;; Parameters:    Size  Location     Type
   323 ;;  t               1    wreg     unsigned char 
   324 ;; Auto vars:     Size  Location     Type
   325 ;;  t               1    1[COMRAM] unsigned char 
   326 ;;  i               1    2[COMRAM] unsigned char 
   327 ;; Return value:  Size  Location     Type
   328 ;;		None               void
   329 ;; Registers used:
   330 ;;		wreg, status,2, status,0, cstack
   331 ;; Tracked objects:
   332 ;;		On entry : 0/0
   333 ;;		On exit  : 0/0
   334 ;;		Unchanged: 0/0
   335 ;; Data sizes:     COMRAM   BANK0   BANK1   BANK2   BANK3   BANK4   BANK5   BANK6   BANK7
   336 ;;      Params:         0       0       0       0       0       0       0       0       0
   337 ;;      Locals:         2       0       0       0       0       0       0       0       0
   338 ;;      Temps:          0       0       0       0       0       0       0       0       0
   339 ;;      Totals:         2       0       0       0       0       0       0       0       0
   340 ;;Total ram usage:        2 bytes
   341 ;; Hardware stack levels used:    1
   342 ;; Hardware stack levels required when called:    1
   343 ;; This function calls:
   344 ;;		_Delay1KTCYx
   345 ;; This function is called by:
   346 ;;		_Delay_s
   347 ;; This function uses a non-reentrant model
   348 ;;
   349                           
   350                           	psect	text2
   351  007F3A                     __ptext2:
   352                           	opt stack 0
   353  007F3A                     _delay_ms:
   354                           	opt stack 28
   355                           
   356                           ;incstack = 0
   357                           ;delay_ms@t stored from wreg
   358  007F3A  6E02               	movwf	delay_ms@t,c
   359                           
   360                           ;delay.c: 35: unsigned char i;
   361                           ;delay.c: 36: for (i=0;i<=t;i++)
   362  007F3C  0E00               	movlw	0
   363  007F3E  6E03               	movwf	delay_ms@i,c
   364  007F40  D004               	goto	l691
   365  007F42                     l687:
   366                           
   367                           ;delay.c: 37: Delay1KTCYx(5);
   368  007F42  0E05               	movlw	5
   369  007F44  EC95  F03F         	call	_Delay1KTCYx
   370  007F48  2A03               	incf	delay_ms@i,f,c
   371  007F4A                     l691:
   372  007F4A  5003               	movf	delay_ms@i,w,c
   373  007F4C  5C02               	subwf	delay_ms@t,w,c
   374  007F4E  A0D8               	btfss	status,0,c
   375                           
   376                           ;delay.c: 41: return;
   377  007F50  0012               	return	
   378  007F52  D7F7               	goto	l687
   379  007F54                     __end_of_delay_ms:
   380                           	opt stack 0
   381                           tblptru	equ	0xFF8
   382                           status	equ	0xFD8
   383                           
   384 ;; *************** function _Delay1KTCYx *****************
   385 ;; Defined at:
   386 ;;		line 8 in file "C:\Program Files (x86)\Microchip\xc8\v1.32\sources\pic18\d1ktcyx.c"
   387 ;; Parameters:    Size  Location     Type
   388 ;;  unit            1    wreg     unsigned char 
   389 ;; Auto vars:     Size  Location     Type
   390 ;;  unit            1    0[COMRAM] unsigned char 
   391 ;; Return value:  Size  Location     Type
   392 ;;		None               void
   393 ;; Registers used:
   394 ;;		wreg
   395 ;; Tracked objects:
   396 ;;		On entry : 0/0
   397 ;;		On exit  : 0/0
   398 ;;		Unchanged: 0/0
   399 ;; Data sizes:     COMRAM   BANK0   BANK1   BANK2   BANK3   BANK4   BANK5   BANK6   BANK7
   400 ;;      Params:         0       0       0       0       0       0       0       0       0
   401 ;;      Locals:         1       0       0       0       0       0       0       0       0
   402 ;;      Temps:          0       0       0       0       0       0       0       0       0
   403 ;;      Totals:         1       0       0       0       0       0       0       0       0
   404 ;;Total ram usage:        1 bytes
   405 ;; Hardware stack levels used:    1
   406 ;; This function calls:
   407 ;;		Nothing
   408 ;; This function is called by:
   409 ;;		_delay_ms
   410 ;;		_DelayPORXLCD
   411 ;;		_DelayXLCD
   412 ;; This function uses a non-reentrant model
   413 ;;
   414                           
   415                           	psect	text3
   416  007F2A                     __ptext3:
   417                           	opt stack 0
   418  007F2A                     _Delay1KTCYx:
   419                           	opt stack 28
   420                           
   421                           ;incstack = 0
   422                           ;Delay1KTCYx@unit stored from wreg
   423  007F2A  6E01               	movwf	Delay1KTCYx@unit,c
   424  007F2C                     l324:
   425  007F2C  0EFA               	movlw	250
   426  007F2E                     u167:
   427  007F2E  F000               	nop	
   428  007F30  2EE8               	decfsz	wreg,f,c
   429  007F32  D7FD               	goto	u167
   430  007F34  2E01               	decfsz	Delay1KTCYx@unit,f,c
   431  007F36  D7FA               	goto	l324
   432  007F38  0012               	return	
   433  007F3A                     __end_of_Delay1KTCYx:
   434                           	opt stack 0
   435  0000                     tblptru	equ	0xFF8
   436                           wreg	equ	0xFE8
   437                           status	equ	0xFD8
   438                           tblptru	equ	0xFF8
   439                           wreg	equ	0xFE8
   440                           status	equ	0xFD8
   441                           
   442                           	psect	rparam
   443  0000                     tblptru	equ	0xFF8
   444                           wreg	equ	0xFE8
   445                           status	equ	0xFD8


Data Sizes:
    Strings     0
    Constant    0
    Data        0
    BSS         0
    Persistent  0
    Stack       0

Auto Spaces:
    Space          Size  Autos    Used
    COMRAM           95      7       7
    BANK0           160      0       0
    BANK1           256      0       0
    BANK2           256      0       0
    BANK3           256      0       0
    BANK4           256      0       0
    BANK5           256      0       0
    BANK6           256      0       0
    BANK7           256      0       0

Pointer List with Targets:

    None.

Critical Paths under _main in COMRAM

    _main->_Delay_s
    _Delay_s->_delay_ms
    _delay_ms->_Delay1KTCYx

Critical Paths under _main in BANK0

    None.

Critical Paths under _main in BANK1

    None.

Critical Paths under _main in BANK2

    None.

Critical Paths under _main in BANK3

    None.

Critical Paths under _main in BANK4

    None.

Critical Paths under _main in BANK5

    None.

Critical Paths under _main in BANK6

    None.

Critical Paths under _main in BANK7

    None.

Call Graph Tables:

 ---------------------------------------------------------------------------------
 (Depth) Function   	        Calls       Base Space   Used Autos Params    Refs
 ---------------------------------------------------------------------------------
 (0) _main                                                 1     1      0     285
                                              6 COMRAM     1     1      0
                            _Delay_s
 ---------------------------------------------------------------------------------
 (1) _Delay_s                                              3     3      0     105
                                              3 COMRAM     3     3      0
                           _delay_ms
 ---------------------------------------------------------------------------------
 (2) _delay_ms                                             2     2      0      45
                                              1 COMRAM     2     2      0
                        _Delay1KTCYx
 ---------------------------------------------------------------------------------
 (3) _Delay1KTCYx                                          1     1      0      15
                                              0 COMRAM     1     1      0
 ---------------------------------------------------------------------------------
 Estimated maximum stack depth 3
 ---------------------------------------------------------------------------------

 Call Graph Graphs:

 _main (ROOT)
   _Delay_s
     _delay_ms
       _Delay1KTCYx

 Address spaces:
Name               Size   Autos  Total    Cost      Usage
BITCOMRAM           5F      0       0       0        0.0%
EEDATA             100      0       0       0        0.0%
NULL                 0      0       0       0        0.0%
CODE                 0      0       0       0        0.0%
COMRAM              5F      7       7       1        7.4%
STACK                0      0       0       2        0.0%
DATA                 0      0       0       3        0.0%
BITBANK0            A0      0       0       4        0.0%
BANK0               A0      0       0       5        0.0%
BITBANK1           100      0       0       6        0.0%
BANK1              100      0       0       7        0.0%
BITBANK2           100      0       0       8        0.0%
BANK2              100      0       0       9        0.0%
BITBANK3           100      0       0      10        0.0%
BANK3              100      0       0      11        0.0%
BITBANK4           100      0       0      12        0.0%
BANK4              100      0       0      13        0.0%
BITBANK5           100      0       0      14        0.0%
BANK5              100      0       0      15        0.0%
BITBANK6           100      0       0      16        0.0%
BANK6              100      0       0      17        0.0%
BITBANK7           100      0       0      18        0.0%
BANK7              100      0       0      19        0.0%
ABS                  0      0       0      20        0.0%
BIGRAM             7FF      0       0      21        0.0%
BITSFR               0      0       0      40        0.0%
SFR                  0      0       0      40        0.0%


Microchip Technology PIC18 Macro Assembler V1.32 build 58300 
Symbol Table                                                                                   Tue Oct 07 12:07:39 2014

                     l13 7F88              __CFG_BORV$3 000000                      l324 7F2C  
                    l701 7F62                      l709 7F72                      l741 7FA0  
                    l735 7F8E                      l745 7FAC                      l691 7F4A  
                    l755 7FCA                      l765 7FE8                      l687 7F42  
                    l695 7F5C                      u167 7F2E             __CFG_BOR$OFF 000000  
                    wreg 000FE8             __CFG_FOSC$HS 000000             __CFG_LVP$OFF 000000  
           __CFG_WDT$OFF 000000                     _LATA 000F89                     _LATD 000F8C  
                   _main 7F7C                     start 0000            __CFG_IESO$OFF 000000  
        __end_of_Delay_s 7F7C            __CFG_MCLRE$ON 000000              _Delay1KTCYx 7F2A  
          __CFG_PLLDIV$5 000000                    ?_main 0001                    _PORTD 000F83  
          __CFG_USBDIV$1 000000                    _TRISA 000F92                    _TRISD 000F95  
          __CFG_PWRT$OFF 000000           __CFG_FCMEN$OFF 000000                    main@a 0007  
                  status 000FD8           __CFG_ICPRT$OFF 000000          __initialization 7F20  
           __end_of_main 8000                   ??_main 0007            __activetblptr 000002  
        __CFG_CCP2MX$OFF 000000                ??_Delay_s 0004         __end_of_delay_ms 7F54  
         __CFG_XINST$OFF 000000           __CFG_STVREN$ON 000000                   tblptru 000FF8  
             __accesstop 0060  __end_of__initialization 7F20          __CFG_PBADEN$OFF 000000  
         __pcstackCOMRAM 0001             ?_Delay1KTCYx 0001                ?_delay_ms 0001  
                _Delay_s 7F54          __CFG_VREGEN$OFF 000000                  __Hparam 0000  
                __Lparam 0000                  __pcinit 7F20                  __ramtop 0800  
                __ptext0 7F7C                  __ptext1 7F54                  __ptext2 7F3A  
                __ptext3 7F2A               ??_delay_ms 0002     end_of_initialization 7F20  
          __Lmediumconst 0000                _PORTAbits 000F80                _TRISAbits 000F92  
   __size_of_Delay1KTCYx 0010      start_initialization 7F20         __CFG_LPT1OSC$OFF 000000  
      __size_of_delay_ms 001A          Delay1KTCYx@unit 0001                 ?_Delay_s 0001  
              delay_ms@i 0003                delay_ms@t 0002                 Delay_s@i 0005  
               Delay_s@j 0006                 Delay_s@t 0004         __CFG_WDTPS$32768 000000  
       __size_of_Delay_s 0028                 __Hrparam 0000                 __Lrparam 0000  
               _delay_ms 7F3A            __size_of_main 0084            ??_Delay1KTCYx 0001  
  __CFG_CPUDIV$OSC1_PLL2 000000      __end_of_Delay1KTCYx 7F3A  
